VM363:1 轨迹： (3) [1, 0, 1656141728972]
VM364:1 轨迹： (3) [2, 0, 1656141729032]
VM365:1 轨迹： (3) [5, 1, 1656141729074]
VM366:1 轨迹： (3) [8, 1, 1656141729124]
VM367:1 轨迹： (3) [15, 2, 1656141729164]
VM368:1 轨迹： (3) [21, 2, 1656141729238]
VM369:1 轨迹： (3) [26, 3, 1656141729285]
VM370:1 轨迹： (3) [29, 3, 1656141729334]
VM371:1 轨迹： (3) [32, 3, 1656141729373]
VM372:1 轨迹： (3) [36, 3, 1656141729415]
VM373:1 轨迹： (3) [39, 3, 1656141729461]
VM374:1 轨迹： (3) [42, 3, 1656141729500]
VM375:1 轨迹： (3) [43, 3, 1656141729543]
VM376:1 轨迹： (3) [46, 4, 1656141729593]
VM377:1 轨迹： (3) [47, 4, 1656141729652]
VM378:1 轨迹： (3) [48, 4, 1656141729687]
VM379:1 轨迹： (3) [50, 4, 1656141729735]
VM380:1 轨迹： (3) [52, 4, 1656141729783]
VM381:1 轨迹： (3) [55, 4, 1656141729826]
VM382:1 轨迹： (3) [56, 4, 1656141729873]
VM383:1 轨迹： (3) [59, 4, 1656141729917]
VM384:1 轨迹： (3) [62, 4, 1656141729955]
VM385:1 轨迹： (3) [63, 4, 1656141730013]
VM386:1 轨迹： (3) [71, 4, 1656141730060]
VM387:1 轨迹： (3) [72, 4, 1656141730098]
VM388:1 轨迹： (3) [75, 4, 1656141730147]
VM389:1 轨迹： (3) [77, 4, 1656141730187]
VM390:1 轨迹： (3) [81, 4, 1656141730229]
VM391:1 轨迹： (3) [85, 5, 1656141730276]
VM392:1 轨迹： (3) [88, 5, 1656141730320]
VM393:1 轨迹： (3) [89, 5, 1656141730387]
VM394:1 轨迹： (3) [90, 5, 1656141730447]
VM395:1 轨迹： (3) [92, 5, 1656141730484]
VM396:1 轨迹： (3) [94, 5, 1656141730533]
VM397:1 轨迹： (3) [96, 4, 1656141730570]
VM398:1 轨迹： (3) [98, 4, 1656141730651]
VM399:1 轨迹： (3) [100, 3, 1656141730698]
VM400:1 轨迹： (3) [101, 3, 1656141730839]
VM401:1 轨迹： (3) [102, 3, 1656141730893]
VM402:1 轨迹： (3) [105, 3, 1656141730941]
VM403:1 轨迹： (3) [104, 3, 1656141731471]
