VM476:1 轨迹： (3) [1, 0, 1656141881931]
VM477:1 轨迹： (3) [2, 0, 1656141882044]
VM478:1 轨迹： (3) [3, 0, 1656141882085]
VM479:1 轨迹： (3) [5, 0, 1656141882122]
VM480:1 轨迹： (3) [7, 0, 1656141882162]
VM481:1 轨迹： (3) [8, 0, 1656141882212]
VM482:1 轨迹： (3) [9, 0, 1656141882253]
VM483:1 轨迹： (3) [13, 0, 1656141882295]
VM484:1 轨迹： (3) [17, 0, 1656141882339]
VM485:1 轨迹： (3) [21, 0, 1656141882384]
VM486:1 轨迹： (3) [23, 0, 1656141882430]
VM487:1 轨迹： (3) [26, 0, 1656141882472]
VM488:1 轨迹： (3) [27, 0, 1656141882516]
VM489:1 轨迹： (3) [29, 0, 1656141882561]
VM490:1 轨迹： (3) [30, 0, 1656141882642]
VM491:1 轨迹： (3) [33, 0, 1656141882687]
VM492:1 轨迹： (3) [36, 0, 1656141882734]
VM493:1 轨迹： (3) [40, 0, 1656141882773]
VM494:1 轨迹： (3) [41, 0, 1656141882852]
VM495:1 轨迹： (3) [44, 0, 1656141882891]
VM496:1 轨迹： (3) [45, 0, 1656141882947]
VM497:1 轨迹： (3) [49, 0, 1656141882990]
VM498:1 轨迹： (3) [51, 0, 1656141883039]
VM499:1 轨迹： (3) [54, 0, 1656141883084]
VM500:1 轨迹： (3) [55, 0, 1656141883144]
VM501:1 轨迹： (3) [56, 0, 1656141883182]
VM502:1 轨迹： (3) [57, 0, 1656141883220]
VM503:1 轨迹： (3) [58, 0, 1656141883300]
VM504:1 轨迹： (3) [61, 0, 1656141883350]
VM505:1 轨迹： (3) [62, 0, 1656141883418]
VM506:1 轨迹： (3) [63, 0, 1656141883471]
VM507:1 轨迹： (3) [64, 0, 1656141883540]
