VM580:1 轨迹： (3) [1, 1, 1656141927271]
VM581:1 轨迹： (3) [3, 1, 1656141927316]
VM582:1 轨迹： (3) [4, 1, 1656141927360]
VM583:1 轨迹： (3) [6, 2, 1656141927412]
VM584:1 轨迹： (3) [7, 2, 1656141927461]
VM585:1 轨迹： (3) [10, 2, 1656141927508]
VM586:1 轨迹： (3) [11, 2, 1656141927544]
VM587:1 轨迹： (3) [12, 2, 1656141927592]
VM588:1 轨迹： (3) [15, 2, 1656141927638]
VM589:1 轨迹： (3) [17, 2, 1656141927686]
VM590:1 轨迹： (3) [18, 3, 1656141927739]
VM591:1 轨迹： (3) [20, 3, 1656141927786]
VM592:1 轨迹： (3) [22, 3, 1656141927835]
VM593:1 轨迹： (3) [25, 3, 1656141927876]
VM594:1 轨迹： (3) [28, 3, 1656141927951]
VM595:1 轨迹： (3) [32, 3, 1656141928006]
VM596:1 轨迹： (3) [37, 4, 1656141928045]
VM597:1 轨迹： (3) [43, 5, 1656141928095]
VM598:1 轨迹： (3) [44, 5, 1656141928138]
VM599:1 轨迹： (3) [45, 5, 1656141928184]
VM600:1 轨迹： (3) [49, 6, 1656141928230]
VM601:1 轨迹： (3) [53, 6, 1656141928280]
VM602:1 轨迹： (3) [57, 6, 1656141928324]
VM603:1 轨迹： (3) [59, 7, 1656141928366]
VM604:1 轨迹： (3) [61, 7, 1656141928414]
VM605:1 轨迹： (3) [64, 8, 1656141928464]
VM606:1 轨迹： (3) [68, 8, 1656141928507]
VM607:1 轨迹： (3) [71, 9, 1656141928558]
VM608:1 轨迹： (3) [73, 9, 1656141928606]
VM609:1 轨迹： (3) [76, 9, 1656141928658]
VM610:1 轨迹： (3) [78, 9, 1656141928698]
VM611:1 轨迹： (3) [79, 9, 1656141928744]
VM612:1 轨迹： (3) [83, 9, 1656141928793]
VM613:1 轨迹： (3) [85, 9, 1656141928836]
VM614:1 轨迹： (3) [89, 9, 1656141928878]
VM615:1 轨迹： (3) [90, 9, 1656141928917]
VM616:1 轨迹： (3) [91, 9, 1656141928997]
VM617:1 轨迹： (3) [95, 9, 1656141929038]
VM618:1 轨迹： (3) [98, 9, 1656141929088]
VM619:1 轨迹： (3) [100, 7, 1656141929127]
VM620:1 轨迹： (3) [101, 6, 1656141929175]
VM621:1 轨迹： (3) [102, 6, 1656141929214]
VM622:1 轨迹： (3) [102, 5, 1656141929256]
VM623:1 轨迹： (3) [103, 5, 1656141929308]
VM624:1 轨迹： (3) [103, 4, 1656141929347]
VM625:1 轨迹： (3) [103, 3, 1656141929449]
VM626:1 轨迹： (3) [104, 3, 1656141929487]
VM627:1 轨迹： (3) [104, 2, 1656141929536]
VM628:1 轨迹： (3) [105, 2, 1656141929581]
VM629:1 轨迹： (3) [107, 2, 1656141929629]
VM630:1 轨迹： (3) [110, 2, 1656141929670]
VM631:1 轨迹： (3) [111, 1, 1656141929722]
VM632:1 轨迹： (3) [113, 1, 1656141929770]
VM633:1 轨迹： (3) [115, 1, 1656141929821]
VM634:1 轨迹： (3) [119, 1, 1656141929868]
VM635:1 轨迹： (3) [121, 1, 1656141929919]
VM636:1 轨迹： (3) [124, 0, 1656141929972]
VM637:1 轨迹： (3) [126, 0, 1656141930021]
VM638:1 轨迹： (3) [128, 0, 1656141930063]
VM639:1 轨迹： (3) [130, -1, 1656141930114]
VM640:1 轨迹： (3) [132, -1, 1656141930159]
VM641:1 轨迹： (3) [133, -2, 1656141930207]
VM642:1 轨迹： (3) [137, -2, 1656141930254]
VM643:1 轨迹： (3) [141, -3, 1656141930301]
VM644:1 轨迹： (3) [145, -5, 1656141930342]
VM645:1 轨迹： (3) [147, -6, 1656141930388]
VM646:1 轨迹： (3) [148, -6, 1656141930539]
VM647:1 轨迹： (3) [149, -6, 1656141930602]
VM648:1 轨迹： (3) [150, -6, 1656141930643]
